2025-07-19 23:54:59,934 p=72684 u=romanshestakov n=ansible | PLAY [base.yml] ************************************************************************************************************************************************************
2025-07-19 23:54:59,950 p=72684 u=romanshestakov n=ansible | TASK [Gathering Facts] *****************************************************************************************************************************************************
2025-07-19 23:55:04,501 p=72684 u=romanshestakov n=ansible | ok: [localhost]
2025-07-19 23:55:04,520 p=72684 u=romanshestakov n=ansible | TASK [Create a directory to compile] ***************************************************************************************************************************************
2025-07-19 23:55:04,993 p=72684 u=romanshestakov n=ansible | ok: [localhost]
2025-07-19 23:55:05,053 p=72684 u=romanshestakov n=ansible | TASK [RomanShestakov.ansible-environment : Ensure file exists] *************************************************************************************************************
2025-07-19 23:55:05,428 p=72684 u=romanshestakov n=ansible | ok: [localhost]
2025-07-19 23:55:05,454 p=72684 u=romanshestakov n=ansible | TASK [RomanShestakov.ansible-environment : Configuring environment] ********************************************************************************************************
2025-07-19 23:55:05,918 p=72684 u=romanshestakov n=ansible | ok: [localhost] => (item={'key': 'LANG', 'value': 'en_US.UTF-8'})
2025-07-19 23:55:06,236 p=72684 u=romanshestakov n=ansible | ok: [localhost] => (item={'key': 'LC_ALL', 'value': 'en_US.UTF-8'})
2025-07-19 23:55:06,274 p=72684 u=romanshestakov n=ansible | TASK [RomanShestakov.ansible-role-common-tools : Install build tools] ******************************************************************************************************
2025-07-19 23:55:06,311 p=72684 u=romanshestakov n=ansible | skipping: [localhost]
2025-07-19 23:55:06,349 p=72684 u=romanshestakov n=ansible | TASK [RomanShestakov.ansible-role-common-tools : Install Common useful tools AMAZON Linux 2] *******************************************************************************
2025-07-19 23:55:06,405 p=72684 u=romanshestakov n=ansible | skipping: [localhost] => (item=make) 
2025-07-19 23:55:06,412 p=72684 u=romanshestakov n=ansible | skipping: [localhost] => (item=glibc-devel) 
2025-07-19 23:55:06,419 p=72684 u=romanshestakov n=ansible | skipping: [localhost] => (item=gcc) 
2025-07-19 23:55:06,425 p=72684 u=romanshestakov n=ansible | skipping: [localhost] => (item=patch) 
2025-07-19 23:55:06,430 p=72684 u=romanshestakov n=ansible | skipping: [localhost] => (item=openssl-devel) 
2025-07-19 23:55:06,435 p=72684 u=romanshestakov n=ansible | skipping: [localhost] => (item=gdb) 
2025-07-19 23:55:06,440 p=72684 u=romanshestakov n=ansible | skipping: [localhost] => (item=emacs) 
2025-07-19 23:55:06,444 p=72684 u=romanshestakov n=ansible | skipping: [localhost] => (item=unzip) 
2025-07-19 23:55:06,449 p=72684 u=romanshestakov n=ansible | skipping: [localhost] => (item=tar) 
2025-07-19 23:55:06,454 p=72684 u=romanshestakov n=ansible | skipping: [localhost] => (item=rsync) 
2025-07-19 23:55:06,459 p=72684 u=romanshestakov n=ansible | skipping: [localhost] => (item=strace) 
2025-07-19 23:55:06,464 p=72684 u=romanshestakov n=ansible | skipping: [localhost] => (item=git) 
2025-07-19 23:55:06,470 p=72684 u=romanshestakov n=ansible | skipping: [localhost] => (item=tmux) 
2025-07-19 23:55:06,475 p=72684 u=romanshestakov n=ansible | skipping: [localhost] => (item=python-devel) 
2025-07-19 23:55:06,480 p=72684 u=romanshestakov n=ansible | skipping: [localhost] => (item=jsoncpp-devel) 
2025-07-19 23:55:06,486 p=72684 u=romanshestakov n=ansible | skipping: [localhost] => (item=readline-devel) 
2025-07-19 23:55:06,491 p=72684 u=romanshestakov n=ansible | skipping: [localhost] => (item=llvm-devel) 
2025-07-19 23:55:06,493 p=72684 u=romanshestakov n=ansible | skipping: [localhost]
2025-07-19 23:55:06,517 p=72684 u=romanshestakov n=ansible | TASK [RomanShestakov.ansible-role-common-tools : Install Common useful tools Amazon 2023] **********************************************************************************
2025-07-19 23:55:06,554 p=72684 u=romanshestakov n=ansible | skipping: [localhost] => (item=make) 
2025-07-19 23:55:06,561 p=72684 u=romanshestakov n=ansible | skipping: [localhost] => (item=glibc-devel) 
2025-07-19 23:55:06,566 p=72684 u=romanshestakov n=ansible | skipping: [localhost] => (item=gcc) 
2025-07-19 23:55:06,572 p=72684 u=romanshestakov n=ansible | skipping: [localhost] => (item=clang) 
2025-07-19 23:55:06,577 p=72684 u=romanshestakov n=ansible | skipping: [localhost] => (item=clang-tools-extra) 
2025-07-19 23:55:06,583 p=72684 u=romanshestakov n=ansible | skipping: [localhost] => (item=patch) 
2025-07-19 23:55:06,589 p=72684 u=romanshestakov n=ansible | skipping: [localhost] => (item=openssl-devel) 
2025-07-19 23:55:06,595 p=72684 u=romanshestakov n=ansible | skipping: [localhost] => (item=gdb) 
2025-07-19 23:55:06,600 p=72684 u=romanshestakov n=ansible | skipping: [localhost] => (item=emacs) 
2025-07-19 23:55:06,606 p=72684 u=romanshestakov n=ansible | skipping: [localhost] => (item=unzip) 
2025-07-19 23:55:06,612 p=72684 u=romanshestakov n=ansible | skipping: [localhost] => (item=tar) 
2025-07-19 23:55:06,618 p=72684 u=romanshestakov n=ansible | skipping: [localhost] => (item=rsync) 
2025-07-19 23:55:06,624 p=72684 u=romanshestakov n=ansible | skipping: [localhost] => (item=strace) 
2025-07-19 23:55:06,630 p=72684 u=romanshestakov n=ansible | skipping: [localhost] => (item=git) 
2025-07-19 23:55:06,635 p=72684 u=romanshestakov n=ansible | skipping: [localhost] => (item=tmux) 
2025-07-19 23:55:06,641 p=72684 u=romanshestakov n=ansible | skipping: [localhost] => (item=cmake) 
2025-07-19 23:55:06,646 p=72684 u=romanshestakov n=ansible | skipping: [localhost] => (item=pkg-config) 
2025-07-19 23:55:06,651 p=72684 u=romanshestakov n=ansible | skipping: [localhost] => (item=cmake-data) 
2025-07-19 23:55:06,657 p=72684 u=romanshestakov n=ansible | skipping: [localhost] => (item=jsoncpp-devel) 
2025-07-19 23:55:06,661 p=72684 u=romanshestakov n=ansible | skipping: [localhost] => (item=readline-devel) 
2025-07-19 23:55:06,666 p=72684 u=romanshestakov n=ansible | skipping: [localhost] => (item=gtest-devel) 
2025-07-19 23:55:06,672 p=72684 u=romanshestakov n=ansible | skipping: [localhost] => (item=boost-devel) 
2025-07-19 23:55:06,677 p=72684 u=romanshestakov n=ansible | skipping: [localhost] => (item=protobuf-devel) 
2025-07-19 23:55:06,678 p=72684 u=romanshestakov n=ansible | skipping: [localhost]
2025-07-19 23:55:06,698 p=72684 u=romanshestakov n=ansible | TASK [RomanShestakov.ansible-role-common-tools : Install Common useful tools Centos] ***************************************************************************************
2025-07-19 23:55:06,733 p=72684 u=romanshestakov n=ansible | skipping: [localhost] => (item=make) 
2025-07-19 23:55:06,738 p=72684 u=romanshestakov n=ansible | skipping: [localhost] => (item=glibc-devel) 
2025-07-19 23:55:06,743 p=72684 u=romanshestakov n=ansible | skipping: [localhost] => (item=gcc) 
2025-07-19 23:55:06,748 p=72684 u=romanshestakov n=ansible | skipping: [localhost] => (item=patch) 
2025-07-19 23:55:06,754 p=72684 u=romanshestakov n=ansible | skipping: [localhost] => (item=openssl-devel) 
2025-07-19 23:55:06,759 p=72684 u=romanshestakov n=ansible | skipping: [localhost] => (item=gdb) 
2025-07-19 23:55:06,764 p=72684 u=romanshestakov n=ansible | skipping: [localhost] => (item=emacs) 
2025-07-19 23:55:06,770 p=72684 u=romanshestakov n=ansible | skipping: [localhost] => (item=unzip) 
2025-07-19 23:55:06,775 p=72684 u=romanshestakov n=ansible | skipping: [localhost] => (item=tar) 
2025-07-19 23:55:06,780 p=72684 u=romanshestakov n=ansible | skipping: [localhost] => (item=rsync) 
2025-07-19 23:55:06,784 p=72684 u=romanshestakov n=ansible | skipping: [localhost] => (item=strace) 
2025-07-19 23:55:06,791 p=72684 u=romanshestakov n=ansible | skipping: [localhost] => (item=git) 
2025-07-19 23:55:06,796 p=72684 u=romanshestakov n=ansible | skipping: [localhost] => (item=tmux) 
2025-07-19 23:55:06,800 p=72684 u=romanshestakov n=ansible | skipping: [localhost] => (item=cmake) 
2025-07-19 23:55:06,806 p=72684 u=romanshestakov n=ansible | skipping: [localhost] => (item=jsoncpp-devel) 
2025-07-19 23:55:06,811 p=72684 u=romanshestakov n=ansible | skipping: [localhost] => (item=readline-devel) 
2025-07-19 23:55:06,812 p=72684 u=romanshestakov n=ansible | skipping: [localhost]
2025-07-19 23:55:06,831 p=72684 u=romanshestakov n=ansible | TASK [RomanShestakov.ansible-role-common-tools : Install Common useful tools Ubuntu] ***************************************************************************************
2025-07-19 23:55:10,554 p=72684 u=romanshestakov n=ansible | ok: [localhost] => (item=build-essential)
2025-07-20 09:19:07,428 p=72684 u=romanshestakov n=ansible | ok: [localhost] => (item=autoconf)
2025-07-20 09:19:10,649 p=72684 u=romanshestakov n=ansible | ok: [localhost] => (item=make)
2025-07-20 09:19:13,827 p=72684 u=romanshestakov n=ansible | ok: [localhost] => (item=glibc-source)
2025-07-20 09:19:17,017 p=72684 u=romanshestakov n=ansible | ok: [localhost] => (item=patch)
2025-07-20 09:19:20,174 p=72684 u=romanshestakov n=ansible | ok: [localhost] => (item=openssl)
2025-07-20 09:19:23,338 p=72684 u=romanshestakov n=ansible | ok: [localhost] => (item=libssl-dev)
2025-07-20 09:19:26,665 p=72684 u=romanshestakov n=ansible | ok: [localhost] => (item=gdb)
2025-07-20 09:19:29,898 p=72684 u=romanshestakov n=ansible | ok: [localhost] => (item=unzip)
2025-07-20 09:19:33,089 p=72684 u=romanshestakov n=ansible | ok: [localhost] => (item=tar)
2025-07-20 09:19:36,294 p=72684 u=romanshestakov n=ansible | ok: [localhost] => (item=rsync)
2025-07-20 09:19:39,472 p=72684 u=romanshestakov n=ansible | ok: [localhost] => (item=strace)
2025-07-20 09:19:42,581 p=72684 u=romanshestakov n=ansible | ok: [localhost] => (item=git)
2025-07-20 09:19:46,132 p=72684 u=romanshestakov n=ansible | ok: [localhost] => (item=tmux)
2025-07-20 09:19:49,383 p=72684 u=romanshestakov n=ansible | ok: [localhost] => (item=cmake)
2025-07-20 09:19:52,624 p=72684 u=romanshestakov n=ansible | ok: [localhost] => (item=pkg-config)
2025-07-20 09:19:55,741 p=72684 u=romanshestakov n=ansible | ok: [localhost] => (item=cmake-data)
2025-07-20 09:19:58,939 p=72684 u=romanshestakov n=ansible | ok: [localhost] => (item=libjsoncpp-dev)
2025-07-20 09:20:02,182 p=72684 u=romanshestakov n=ansible | ok: [localhost] => (item=libreadline-dev)
2025-07-20 09:20:05,367 p=72684 u=romanshestakov n=ansible | ok: [localhost] => (item=zlib1g-dev)
2025-07-20 09:20:08,585 p=72684 u=romanshestakov n=ansible | ok: [localhost] => (item=libboost-all-dev)
2025-07-20 09:20:11,858 p=72684 u=romanshestakov n=ansible | ok: [localhost] => (item=libgtest-dev)
2025-07-20 09:20:15,066 p=72684 u=romanshestakov n=ansible | ok: [localhost] => (item=libgtk-3-dev)
2025-07-20 09:20:15,106 p=72684 u=romanshestakov n=ansible | TASK [RomanShestakov.ansible-role-common-tools : Create symbolic link for jsoncpp] *****************************************************************************************
2025-07-20 09:20:15,443 p=72684 u=romanshestakov n=ansible | ok: [localhost]
2025-07-20 09:20:15,474 p=72684 u=romanshestakov n=ansible | TASK [RomanShestakov.ansible-role-emacs : include_tasks] *******************************************************************************************************************
2025-07-20 09:20:15,507 p=72684 u=romanshestakov n=ansible | included: /home/romanshestakov/development/vm/src/playbooks/roles/external/RomanShestakov.ansible-role-emacs/tasks/deps.yml for localhost
2025-07-20 09:20:15,524 p=72684 u=romanshestakov n=ansible | TASK [RomanShestakov.ansible-role-emacs : Tools for emacs build Ubuntu] ****************************************************************************************************
2025-07-20 09:20:18,768 p=72684 u=romanshestakov n=ansible | ok: [localhost] => (item=build-essential)
2025-07-20 09:20:22,014 p=72684 u=romanshestakov n=ansible | ok: [localhost] => (item=texinfo)
2025-07-20 09:20:25,165 p=72684 u=romanshestakov n=ansible | ok: [localhost] => (item=libgnutls28-dev)
2025-07-20 09:20:28,298 p=72684 u=romanshestakov n=ansible | ok: [localhost] => (item=libjpeg-dev)
2025-07-20 09:20:31,718 p=72684 u=romanshestakov n=ansible | ok: [localhost] => (item=libpng-dev)
2025-07-20 09:20:34,925 p=72684 u=romanshestakov n=ansible | ok: [localhost] => (item=libtiff5-dev)
2025-07-20 09:20:38,131 p=72684 u=romanshestakov n=ansible | ok: [localhost] => (item=libgif-dev)
2025-07-20 09:20:41,335 p=72684 u=romanshestakov n=ansible | ok: [localhost] => (item=libxpm-dev)
2025-07-20 09:20:44,555 p=72684 u=romanshestakov n=ansible | ok: [localhost] => (item=libncurses-dev)
2025-07-20 09:20:47,802 p=72684 u=romanshestakov n=ansible | ok: [localhost] => (item=libgtk-3-dev)
2025-07-20 09:20:51,070 p=72684 u=romanshestakov n=ansible | ok: [localhost] => (item=libtree-sitter-dev)
2025-07-20 09:20:54,216 p=72684 u=romanshestakov n=ansible | ok: [localhost] => (item=libmagick++-dev)
2025-07-20 09:20:57,462 p=72684 u=romanshestakov n=ansible | ok: [localhost] => (item=gcc-13)
2025-07-20 09:21:00,751 p=72684 u=romanshestakov n=ansible | ok: [localhost] => (item=g++-13)
2025-07-20 09:21:03,968 p=72684 u=romanshestakov n=ansible | ok: [localhost] => (item=libgccjit0)
2025-07-20 09:21:07,230 p=72684 u=romanshestakov n=ansible | ok: [localhost] => (item=libgccjit-13-dev)
2025-07-20 09:21:10,494 p=72684 u=romanshestakov n=ansible | ok: [localhost] => (item=clang)
2025-07-20 09:21:13,735 p=72684 u=romanshestakov n=ansible | ok: [localhost] => (item=clangd)
2025-07-20 09:21:17,018 p=72684 u=romanshestakov n=ansible | ok: [localhost] => (item=bear)
2025-07-20 09:21:20,235 p=72684 u=romanshestakov n=ansible | ok: [localhost] => (item=autoconf)
2025-07-20 09:21:23,333 p=72684 u=romanshestakov n=ansible | ok: [localhost] => (item=libjansson4)
2025-07-20 09:21:26,434 p=72684 u=romanshestakov n=ansible | ok: [localhost] => (item=libjansson-dev)
2025-07-20 09:21:26,469 p=72684 u=romanshestakov n=ansible | TASK [RomanShestakov.ansible-role-emacs : include_tasks] *******************************************************************************************************************
2025-07-20 09:21:26,524 p=72684 u=romanshestakov n=ansible | included: /home/romanshestakov/development/vm/src/playbooks/roles/external/RomanShestakov.ansible-role-emacs/tasks/build.yml for localhost
2025-07-20 09:21:26,553 p=72684 u=romanshestakov n=ansible | TASK [RomanShestakov.ansible-role-emacs : EMACS | check if install exists] *************************************************************************************************
2025-07-20 09:21:26,957 p=72684 u=romanshestakov n=ansible | ok: [localhost]
2025-07-20 09:21:26,975 p=72684 u=romanshestakov n=ansible | TASK [RomanShestakov.ansible-role-emacs : EMACS | Get EMACS sources] *******************************************************************************************************
2025-07-20 09:23:30,236 p=72684 u=romanshestakov n=ansible |  [ERROR]: User interrupted execution

